<?xml version="1.0" encoding="UTF-8"?>
<!-- Generated by org.testng.reporters.JUnitReportReporter -->
<testsuite hostname="Abisheks-MacBook-Air.local" failures="0" tests="1" name="apitest.Deleteapi" time="2.441" errors="0" timestamp="2022-10-31T12:35:38 IST" skipped="0">
  <testcase classname="apitest.Deleteapi" name="deletea" time="2.441"/>
  <system-out/>
</testsuite> <!-- apitest.Deleteapi -->
