<?xml version="1.0" encoding="UTF-8"?>
<!-- Generated by org.testng.reporters.JUnitReportReporter -->
<testsuite hostname="Abisheks-MacBook-Air.local" failures="0" tests="1" name="apitest.postgetapi" time="4.757" errors="0" timestamp="2022-11-02T12:09:15 IST" skipped="0">
  <testcase classname="apitest.postgetapi" name="postget" time="4.757"/>
  <system-out/>
</testsuite> <!-- apitest.postgetapi -->
