<?xml version="1.0" encoding="UTF-8"?>
<!-- Generated by org.testng.reporters.JUnitReportReporter -->
<testsuite hostname="Abisheks-MacBook-Air.local" failures="0" tests="1" name="apitest.Postreq_BDD" time="2.622" errors="0" timestamp="2022-10-31T12:51:02 IST" skipped="0">
  <testcase classname="apitest.Postreq_BDD" name="post" time="2.622"/>
  <system-out/>
</testsuite> <!-- apitest.Postreq_BDD -->
