<?xml version="1.0" encoding="UTF-8"?>
<!-- Generated by org.testng.reporters.JUnitReportReporter -->
<testsuite hostname="Abisheks-MacBook-Air.local" failures="0" tests="1" name="apitest.Getres_post_json_newmeth" time="3.816" errors="0" timestamp="2022-11-02T21:11:59 IST" skipped="0">
  <testcase classname="apitest.Getres_post_json_newmeth" name="get" time="3.816"/>
  <system-out/>
</testsuite> <!-- apitest.Getres_post_json_newmeth -->
