<?xml version="1.0" encoding="UTF-8"?>
<!-- Generated by org.testng.reporters.JUnitReportReporter -->
<testsuite hostname="Abisheks-MacBook-Air.local" failures="0" tests="1" name="apitest.Getres_newmeth_queryparam" time="3.276" errors="0" timestamp="2022-11-02T20:26:54 IST" skipped="0">
  <testcase classname="apitest.Getres_newmeth_queryparam" name="get" time="3.276"/>
  <system-out/>
</testsuite> <!-- apitest.Getres_newmeth_queryparam -->
