<?xml version="1.0" encoding="UTF-8"?>
<!-- Generated by org.testng.reporters.JUnitReportReporter -->
<testsuite hostname="Abisheks-MacBook-Air.local" failures="0" tests="1" name="apitest.Getres_newmeth_param" time="2.964" errors="0" timestamp="2022-11-02T12:52:09 IST" skipped="0">
  <testcase classname="apitest.Getres_newmeth_param" name="get" time="2.964"/>
  <system-out/>
</testsuite> <!-- apitest.Getres_newmeth_param -->
