<?xml version="1.0" encoding="UTF-8"?>
<!-- Generated by org.testng.reporters.JUnitReportReporter -->
<testsuite hostname="Abisheks-MacBook-Air.local" failures="0" tests="1" name="apitest.putreq" time="3.265" errors="0" timestamp="2022-10-28T11:55:38 IST" skipped="0">
  <testcase classname="apitest.putreq" name="putreq" time="3.265"/>
  <system-out/>
</testsuite> <!-- apitest.putreq -->
