<?xml version="1.0" encoding="UTF-8"?>
<!-- Generated by org.testng.reporters.JUnitReportReporter -->
<testsuite hostname="Abisheks-MacBook-Air.local" failures="0" tests="1" name="apitest.Getres_post_json" time="3.007" errors="0" timestamp="2022-11-02T20:47:42 IST" skipped="0">
  <testcase classname="apitest.Getres_post_json" name="get" time="3.007"/>
  <system-out/>
</testsuite> <!-- apitest.Getres_post_json -->
