<?xml version="1.0" encoding="UTF-8"?>
<!-- Generated by org.testng.reporters.JUnitReportReporter -->
<testsuite hostname="Abisheks-MacBook-Air.local" failures="0" tests="1" name="apitest.Getres_newmethod" time="4.281" errors="0" timestamp="2022-11-02T12:26:30 IST" skipped="0">
  <testcase classname="apitest.Getres_newmethod" name="get" time="4.281"/>
  <system-out/>
</testsuite> <!-- apitest.Getres_newmethod -->
