<?xml version="1.0" encoding="UTF-8"?>
<!-- Generated by org.testng.reporters.JUnitReportReporter -->
<testsuite hostname="Abisheks-MacBook-Air.local" failures="0" tests="1" name="apitest.Postreq" time="4.011" errors="0" timestamp="2022-11-01T15:41:16 IST" skipped="0">
  <testcase classname="apitest.Postreq" name="postapi" time="4.011"/>
  <system-out/>
</testsuite> <!-- apitest.Postreq -->
