<?xml version="1.0" encoding="UTF-8"?>
<!-- Generated by org.testng.reporters.JUnitReportReporter -->
<testsuite hostname="Abisheks-MacBook-Air.local" failures="0" tests="1" name="apitest.TC01" time="3.372" errors="0" timestamp="2022-10-31T12:32:22 IST" skipped="0">
  <testcase classname="apitest.TC01" name="testgetapi" time="3.372"/>
  <system-out/>
</testsuite> <!-- apitest.TC01 -->
